<?xml version="1.0" encoding="utf-8"?><testsuites name="pytest tests"><testsuite name="pytest" errors="0" failures="0" skipped="0" tests="30" time="1.591" timestamp="2026-03-08T06:28:23.486280+00:00" hostname="agent-env-ebd0465a-41a9-44e5-b7fe-d40a3f36f032"><testcase classname="tests.test_auth.TestHealthEndpoint" name="test_health_endpoint_returns_200" time="0.003" /><testcase classname="tests.test_auth.TestAuthRegister" name="test_register_new_user_success" time="0.044" /><testcase classname="tests.test_auth.TestAuthRegister" name="test_register_duplicate_email_fails" time="0.087" /><testcase classname="tests.test_auth.TestAuthRegister" name="test_register_missing_fields_fails" time="0.042" /><testcase classname="tests.test_auth.TestAuthRegister" name="test_register_invalid_email_format_fails" time="0.042" /><testcase classname="tests.test_auth.TestAuthLogin" name="test_login_valid_credentials" time="0.086" /><testcase classname="tests.test_auth.TestAuthLogin" name="test_login_invalid_password" time="0.043" /><testcase classname="tests.test_auth.TestAuthLogin" name="test_login_nonexistent_email" time="0.044" /><testcase classname="tests.test_auth.TestAuthMe" name="test_get_me_authenticated" time="0.044" /><testcase classname="tests.test_auth.TestAuthMe" name="test_get_me_without_token" time="0.043" /><testcase classname="tests.test_auth.TestAuthMe" name="test_get_me_invalid_token" time="0.044" /><testcase classname="tests.test_questionnaire.TestQuestionnaireCreate" name="test_save_questionnaire_success" time="0.047" /><testcase classname="tests.test_questionnaire.TestQuestionnaireCreate" name="test_save_questionnaire_without_auth_fails" time="0.042" /><testcase classname="tests.test_questionnaire.TestQuestionnaireCreate" name="test_save_questionnaire_missing_fields_fails" time="0.043" /><testcase classname="tests.test_questionnaire.TestQuestionnaireResults" name="test_get_results_success" time="0.087" /><testcase classname="tests.test_questionnaire.TestQuestionnaireResults" name="test_get_results_without_auth_fails" time="0.043" /><testcase classname="tests.test_questionnaire.TestQuestionnaireHistory" name="test_get_history_success" time="0.044" /><testcase classname="tests.test_questionnaire.TestQuestionnaireHistory" name="test_get_history_without_auth_fails" time="0.042" /><testcase classname="tests.test_symptoms.TestSymptomsCreate" name="test_create_symptom_log_success" time="0.046" /><testcase classname="tests.test_symptoms.TestSymptomsCreate" name="test_create_symptom_log_update_existing" time="0.087" /><testcase classname="tests.test_symptoms.TestSymptomsCreate" name="test_create_symptom_log_without_auth_fails" time="0.042" /><testcase classname="tests.test_symptoms.TestSymptomsCreate" name="test_create_symptom_log_invalid_mood_fails" time="0.043" /><testcase classname="tests.test_symptoms.TestSymptomsCreate" name="test_create_symptom_log_pain_out_of_range_fails" time="0.043" /><testcase classname="tests.test_symptoms.TestSymptomsGet" name="test_get_symptoms_list_success" time="0.044" /><testcase classname="tests.test_symptoms.TestSymptomsGet" name="test_get_symptoms_with_days_param" time="0.044" /><testcase classname="tests.test_symptoms.TestSymptomsGet" name="test_get_symptoms_without_auth_fails" time="0.042" /><testcase classname="tests.test_symptoms.TestSymptomsGet" name="test_get_symptom_by_date_success" time="0.087" /><testcase classname="tests.test_symptoms.TestSymptomsGet" name="test_get_symptom_by_date_not_found" time="0.043" /><testcase classname="tests.test_symptoms.TestSymptomsDelete" name="test_delete_symptom_success" time="0.130" /><testcase classname="tests.test_symptoms.TestSymptomsDelete" name="test_delete_symptom_not_found" time="0.044" /></testsuite></testsuites>